<?xml version="1.0" encoding="UTF-8"?>
<testsuite xmlns:xsi="http://www.w3.org/2001/XMLSchema-instance" xsi:noNamespaceSchemaLocation="https://maven.apache.org/surefire/maven-surefire-plugin/xsd/surefire-test-report.xsd" version="3.0.2" name="com.example.jug2025.modulith.ModulithApplicationTests" time="0.928" tests="1" errors="0" skipped="0" failures="0">
  <properties>
    <property name="java.specification.version" value="21"/>
    <property name="sun.jnu.encoding" value="UTF-8"/>
    <property name="java.class.path" value="/Users/sebastian.sigl/Workspace/conference/jug-2025/target/test-classes:/Users/sebastian.sigl/Workspace/conference/jug-2025/target/classes:/Users/sebastian.sigl/.m2/repository/org/springframework/boot/spring-boot-starter-web/3.5.6/spring-boot-starter-web-3.5.6.jar:/Users/sebastian.sigl/.m2/repository/org/springframework/boot/spring-boot-starter/3.5.6/spring-boot-starter-3.5.6.jar:/Users/sebastian.sigl/.m2/repository/org/springframework/boot/spring-boot/3.5.6/spring-boot-3.5.6.jar:/Users/sebastian.sigl/.m2/repository/org/springframework/boot/spring-boot-starter-logging/3.5.6/spring-boot-starter-logging-3.5.6.jar:/Users/sebastian.sigl/.m2/repository/ch/qos/logback/logback-classic/1.5.18/logback-classic-1.5.18.jar:/Users/sebastian.sigl/.m2/repository/ch/qos/logback/logback-core/1.5.18/logback-core-1.5.18.jar:/Users/sebastian.sigl/.m2/repository/org/apache/logging/log4j/log4j-to-slf4j/2.24.3/log4j-to-slf4j-2.24.3.jar:/Users/sebastian.sigl/.m2/repository/org/apache/logging/log4j/log4j-api/2.24.3/log4j-api-2.24.3.jar:/Users/sebastian.sigl/.m2/repository/org/slf4j/jul-to-slf4j/2.0.17/jul-to-slf4j-2.0.17.jar:/Users/sebastian.sigl/.m2/repository/jakarta/annotation/jakarta.annotation-api/2.1.1/jakarta.annotation-api-2.1.1.jar:/Users/sebastian.sigl/.m2/repository/org/yaml/snakeyaml/2.4/snakeyaml-2.4.jar:/Users/sebastian.sigl/.m2/repository/org/springframework/boot/spring-boot-starter-json/3.5.6/spring-boot-starter-json-3.5.6.jar:/Users/sebastian.sigl/.m2/repository/com/fasterxml/jackson/core/jackson-databind/2.19.2/jackson-databind-2.19.2.jar:/Users/sebastian.sigl/.m2/repository/com/fasterxml/jackson/core/jackson-annotations/2.19.2/jackson-annotations-2.19.2.jar:/Users/sebastian.sigl/.m2/repository/com/fasterxml/jackson/core/jackson-core/2.19.2/jackson-core-2.19.2.jar:/Users/sebastian.sigl/.m2/repository/com/fasterxml/jackson/datatype/jackson-datatype-jdk8/2.19.2/jackson-datatype-jdk8-2.19.2.jar:/Users/sebastian.sigl/.m2/repository/com/fasterxml/jackson/datatype/jackson-datatype-jsr310/2.19.2/jackson-datatype-jsr310-2.19.2.jar:/Users/sebastian.sigl/.m2/repository/com/fasterxml/jackson/module/jackson-module-parameter-names/2.19.2/jackson-module-parameter-names-2.19.2.jar:/Users/sebastian.sigl/.m2/repository/org/springframework/boot/spring-boot-starter-tomcat/3.5.6/spring-boot-starter-tomcat-3.5.6.jar:/Users/sebastian.sigl/.m2/repository/org/apache/tomcat/embed/tomcat-embed-core/10.1.46/tomcat-embed-core-10.1.46.jar:/Users/sebastian.sigl/.m2/repository/org/apache/tomcat/embed/tomcat-embed-el/10.1.46/tomcat-embed-el-10.1.46.jar:/Users/sebastian.sigl/.m2/repository/org/apache/tomcat/embed/tomcat-embed-websocket/10.1.46/tomcat-embed-websocket-10.1.46.jar:/Users/sebastian.sigl/.m2/repository/org/springframework/spring-web/6.2.11/spring-web-6.2.11.jar:/Users/sebastian.sigl/.m2/repository/org/springframework/spring-beans/6.2.11/spring-beans-6.2.11.jar:/Users/sebastian.sigl/.m2/repository/io/micrometer/micrometer-observation/1.15.4/micrometer-observation-1.15.4.jar:/Users/sebastian.sigl/.m2/repository/io/micrometer/micrometer-commons/1.15.4/micrometer-commons-1.15.4.jar:/Users/sebastian.sigl/.m2/repository/org/springframework/spring-webmvc/6.2.11/spring-webmvc-6.2.11.jar:/Users/sebastian.sigl/.m2/repository/org/springframework/spring-aop/6.2.11/spring-aop-6.2.11.jar:/Users/sebastian.sigl/.m2/repository/org/springframework/spring-context/6.2.11/spring-context-6.2.11.jar:/Users/sebastian.sigl/.m2/repository/org/springframework/spring-expression/6.2.11/spring-expression-6.2.11.jar:/Users/sebastian.sigl/.m2/repository/org/springframework/modulith/spring-modulith-starter-core/1.4.1/spring-modulith-starter-core-1.4.1.jar:/Users/sebastian.sigl/.m2/repository/org/springframework/modulith/spring-modulith-api/1.4.1/spring-modulith-api-1.4.1.jar:/Users/sebastian.sigl/.m2/repository/org/springframework/modulith/spring-modulith-apt/1.4.1/spring-modulith-apt-1.4.1.jar:/Users/sebastian.sigl/.m2/repository/org/springframework/boot/spring-boot-configuration-processor/3.5.6/spring-boot-configuration-processor-3.5.6.jar:/Users/sebastian.sigl/.m2/repository/org/springframework/modulith/spring-modulith-core/1.4.1/spring-modulith-core-1.4.1.jar:/Users/sebastian.sigl/.m2/repository/com/tngtech/archunit/archunit/1.4.1/archunit-1.4.1.jar:/Users/sebastian.sigl/.m2/repository/org/springframework/modulith/spring-modulith-moments/1.4.1/spring-modulith-moments-1.4.1.jar:/Users/sebastian.sigl/.m2/repository/org/jmolecules/jmolecules-events/1.10.0/jmolecules-events-1.10.0.jar:/Users/sebastian.sigl/.m2/repository/org/projectlombok/lombok/1.18.40/lombok-1.18.40.jar:/Users/sebastian.sigl/.m2/repository/org/springframework/boot/spring-boot-starter-test/3.5.6/spring-boot-starter-test-3.5.6.jar:/Users/sebastian.sigl/.m2/repository/org/springframework/boot/spring-boot-test/3.5.6/spring-boot-test-3.5.6.jar:/Users/sebastian.sigl/.m2/repository/org/springframework/boot/spring-boot-test-autoconfigure/3.5.6/spring-boot-test-autoconfigure-3.5.6.jar:/Users/sebastian.sigl/.m2/repository/com/jayway/jsonpath/json-path/2.9.0/json-path-2.9.0.jar:/Users/sebastian.sigl/.m2/repository/org/slf4j/slf4j-api/2.0.17/slf4j-api-2.0.17.jar:/Users/sebastian.sigl/.m2/repository/jakarta/xml/bind/jakarta.xml.bind-api/4.0.2/jakarta.xml.bind-api-4.0.2.jar:/Users/sebastian.sigl/.m2/repository/jakarta/activation/jakarta.activation-api/2.1.4/jakarta.activation-api-2.1.4.jar:/Users/sebastian.sigl/.m2/repository/net/minidev/json-smart/2.5.2/json-smart-2.5.2.jar:/Users/sebastian.sigl/.m2/repository/net/minidev/accessors-smart/2.5.2/accessors-smart-2.5.2.jar:/Users/sebastian.sigl/.m2/repository/org/ow2/asm/asm/9.7.1/asm-9.7.1.jar:/Users/sebastian.sigl/.m2/repository/org/assertj/assertj-core/3.27.4/assertj-core-3.27.4.jar:/Users/sebastian.sigl/.m2/repository/net/bytebuddy/byte-buddy/1.17.7/byte-buddy-1.17.7.jar:/Users/sebastian.sigl/.m2/repository/org/awaitility/awaitility/4.2.2/awaitility-4.2.2.jar:/Users/sebastian.sigl/.m2/repository/org/hamcrest/hamcrest/3.0/hamcrest-3.0.jar:/Users/sebastian.sigl/.m2/repository/org/junit/jupiter/junit-jupiter/5.12.2/junit-jupiter-5.12.2.jar:/Users/sebastian.sigl/.m2/repository/org/junit/jupiter/junit-jupiter-api/5.12.2/junit-jupiter-api-5.12.2.jar:/Users/sebastian.sigl/.m2/repository/org/opentest4j/opentest4j/1.3.0/opentest4j-1.3.0.jar:/Users/sebastian.sigl/.m2/repository/org/junit/platform/junit-platform-commons/1.12.2/junit-platform-commons-1.12.2.jar:/Users/sebastian.sigl/.m2/repository/org/apiguardian/apiguardian-api/1.1.2/apiguardian-api-1.1.2.jar:/Users/sebastian.sigl/.m2/repository/org/junit/jupiter/junit-jupiter-params/5.12.2/junit-jupiter-params-5.12.2.jar:/Users/sebastian.sigl/.m2/repository/org/junit/jupiter/junit-jupiter-engine/5.12.2/junit-jupiter-engine-5.12.2.jar:/Users/sebastian.sigl/.m2/repository/org/junit/platform/junit-platform-engine/1.12.2/junit-platform-engine-1.12.2.jar:/Users/sebastian.sigl/.m2/repository/org/mockito/mockito-core/5.17.0/mockito-core-5.17.0.jar:/Users/sebastian.sigl/.m2/repository/net/bytebuddy/byte-buddy-agent/1.17.7/byte-buddy-agent-1.17.7.jar:/Users/sebastian.sigl/.m2/repository/org/objenesis/objenesis/3.3/objenesis-3.3.jar:/Users/sebastian.sigl/.m2/repository/org/mockito/mockito-junit-jupiter/5.17.0/mockito-junit-jupiter-5.17.0.jar:/Users/sebastian.sigl/.m2/repository/org/skyscreamer/jsonassert/1.5.3/jsonassert-1.5.3.jar:/Users/sebastian.sigl/.m2/repository/com/vaadin/external/google/android-json/0.0.20131108.vaadin1/android-json-0.0.20131108.vaadin1.jar:/Users/sebastian.sigl/.m2/repository/org/springframework/spring-core/6.2.11/spring-core-6.2.11.jar:/Users/sebastian.sigl/.m2/repository/org/springframework/spring-jcl/6.2.11/spring-jcl-6.2.11.jar:/Users/sebastian.sigl/.m2/repository/org/springframework/spring-test/6.2.11/spring-test-6.2.11.jar:/Users/sebastian.sigl/.m2/repository/org/xmlunit/xmlunit-core/2.10.4/xmlunit-core-2.10.4.jar:/Users/sebastian.sigl/.m2/repository/org/springframework/boot/spring-boot-testcontainers/3.5.6/spring-boot-testcontainers-3.5.6.jar:/Users/sebastian.sigl/.m2/repository/org/springframework/boot/spring-boot-autoconfigure/3.5.6/spring-boot-autoconfigure-3.5.6.jar:/Users/sebastian.sigl/.m2/repository/org/testcontainers/testcontainers/1.21.3/testcontainers-1.21.3.jar:/Users/sebastian.sigl/.m2/repository/junit/junit/4.13.2/junit-4.13.2.jar:/Users/sebastian.sigl/.m2/repository/org/hamcrest/hamcrest-core/3.0/hamcrest-core-3.0.jar:/Users/sebastian.sigl/.m2/repository/org/apache/commons/commons-compress/1.24.0/commons-compress-1.24.0.jar:/Users/sebastian.sigl/.m2/repository/org/rnorth/duct-tape/duct-tape/1.0.8/duct-tape-1.0.8.jar:/Users/sebastian.sigl/.m2/repository/org/jetbrains/annotations/17.0.0/annotations-17.0.0.jar:/Users/sebastian.sigl/.m2/repository/com/github/docker-java/docker-java-api/3.4.2/docker-java-api-3.4.2.jar:/Users/sebastian.sigl/.m2/repository/com/github/docker-java/docker-java-transport-zerodep/3.4.2/docker-java-transport-zerodep-3.4.2.jar:/Users/sebastian.sigl/.m2/repository/com/github/docker-java/docker-java-transport/3.4.2/docker-java-transport-3.4.2.jar:/Users/sebastian.sigl/.m2/repository/net/java/dev/jna/jna/5.13.0/jna-5.13.0.jar:/Users/sebastian.sigl/.m2/repository/org/springframework/modulith/spring-modulith-starter-test/1.4.1/spring-modulith-starter-test-1.4.1.jar:/Users/sebastian.sigl/.m2/repository/org/springframework/modulith/spring-modulith-test/1.4.1/spring-modulith-test-1.4.1.jar:/Users/sebastian.sigl/.m2/repository/org/springframework/spring-tx/6.2.11/spring-tx-6.2.11.jar:/Users/sebastian.sigl/.m2/repository/org/springframework/modulith/spring-modulith-docs/1.4.1/spring-modulith-docs-1.4.1.jar:/Users/sebastian.sigl/.m2/repository/com/structurizr/structurizr-core/3.1.0/structurizr-core-3.1.0.jar:/Users/sebastian.sigl/.m2/repository/com/google/code/findbugs/jsr305/3.0.2/jsr305-3.0.2.jar:/Users/sebastian.sigl/.m2/repository/com/structurizr/structurizr-export/3.1.0/structurizr-export-3.1.0.jar:/Users/sebastian.sigl/.m2/repository/org/testcontainers/junit-jupiter/1.21.3/junit-jupiter-1.21.3.jar:"/>
    <property name="java.vm.vendor" value="Eclipse Adoptium"/>
    <property name="sun.arch.data.model" value="64"/>
    <property name="java.vendor.url" value="https://adoptium.net/"/>
    <property name="user.timezone" value="Europe/Berlin"/>
    <property name="os.name" value="Mac OS X"/>
    <property name="java.vm.specification.version" value="21"/>
    <property name="APPLICATION_NAME" value="modulith"/>
    <property name="sun.java.launcher" value="SUN_STANDARD"/>
    <property name="user.country" value="US"/>
    <property name="sun.boot.library.path" value="/Users/sebastian.sigl/.sdkman/candidates/java/21.0.7-tem/lib"/>
    <property name="sun.java.command" value="/Users/sebastian.sigl/Workspace/conference/jug-2025/target/surefire/surefirebooter-20250925085313411_3.jar /Users/sebastian.sigl/Workspace/conference/jug-2025/target/surefire 2025-09-25T08-53-13_382-jvmRun1 surefire-20250925085313411_1tmp surefire_0-20250925085313411_2tmp"/>
    <property name="jdk.debug" value="release"/>
    <property name="surefire.test.class.path" value="/Users/sebastian.sigl/Workspace/conference/jug-2025/target/test-classes:/Users/sebastian.sigl/Workspace/conference/jug-2025/target/classes:/Users/sebastian.sigl/.m2/repository/org/springframework/boot/spring-boot-starter-web/3.5.6/spring-boot-starter-web-3.5.6.jar:/Users/sebastian.sigl/.m2/repository/org/springframework/boot/spring-boot-starter/3.5.6/spring-boot-starter-3.5.6.jar:/Users/sebastian.sigl/.m2/repository/org/springframework/boot/spring-boot/3.5.6/spring-boot-3.5.6.jar:/Users/sebastian.sigl/.m2/repository/org/springframework/boot/spring-boot-starter-logging/3.5.6/spring-boot-starter-logging-3.5.6.jar:/Users/sebastian.sigl/.m2/repository/ch/qos/logback/logback-classic/1.5.18/logback-classic-1.5.18.jar:/Users/sebastian.sigl/.m2/repository/ch/qos/logback/logback-core/1.5.18/logback-core-1.5.18.jar:/Users/sebastian.sigl/.m2/repository/org/apache/logging/log4j/log4j-to-slf4j/2.24.3/log4j-to-slf4j-2.24.3.jar:/Users/sebastian.sigl/.m2/repository/org/apache/logging/log4j/log4j-api/2.24.3/log4j-api-2.24.3.jar:/Users/sebastian.sigl/.m2/repository/org/slf4j/jul-to-slf4j/2.0.17/jul-to-slf4j-2.0.17.jar:/Users/sebastian.sigl/.m2/repository/jakarta/annotation/jakarta.annotation-api/2.1.1/jakarta.annotation-api-2.1.1.jar:/Users/sebastian.sigl/.m2/repository/org/yaml/snakeyaml/2.4/snakeyaml-2.4.jar:/Users/sebastian.sigl/.m2/repository/org/springframework/boot/spring-boot-starter-json/3.5.6/spring-boot-starter-json-3.5.6.jar:/Users/sebastian.sigl/.m2/repository/com/fasterxml/jackson/core/jackson-databind/2.19.2/jackson-databind-2.19.2.jar:/Users/sebastian.sigl/.m2/repository/com/fasterxml/jackson/core/jackson-annotations/2.19.2/jackson-annotations-2.19.2.jar:/Users/sebastian.sigl/.m2/repository/com/fasterxml/jackson/core/jackson-core/2.19.2/jackson-core-2.19.2.jar:/Users/sebastian.sigl/.m2/repository/com/fasterxml/jackson/datatype/jackson-datatype-jdk8/2.19.2/jackson-datatype-jdk8-2.19.2.jar:/Users/sebastian.sigl/.m2/repository/com/fasterxml/jackson/datatype/jackson-datatype-jsr310/2.19.2/jackson-datatype-jsr310-2.19.2.jar:/Users/sebastian.sigl/.m2/repository/com/fasterxml/jackson/module/jackson-module-parameter-names/2.19.2/jackson-module-parameter-names-2.19.2.jar:/Users/sebastian.sigl/.m2/repository/org/springframework/boot/spring-boot-starter-tomcat/3.5.6/spring-boot-starter-tomcat-3.5.6.jar:/Users/sebastian.sigl/.m2/repository/org/apache/tomcat/embed/tomcat-embed-core/10.1.46/tomcat-embed-core-10.1.46.jar:/Users/sebastian.sigl/.m2/repository/org/apache/tomcat/embed/tomcat-embed-el/10.1.46/tomcat-embed-el-10.1.46.jar:/Users/sebastian.sigl/.m2/repository/org/apache/tomcat/embed/tomcat-embed-websocket/10.1.46/tomcat-embed-websocket-10.1.46.jar:/Users/sebastian.sigl/.m2/repository/org/springframework/spring-web/6.2.11/spring-web-6.2.11.jar:/Users/sebastian.sigl/.m2/repository/org/springframework/spring-beans/6.2.11/spring-beans-6.2.11.jar:/Users/sebastian.sigl/.m2/repository/io/micrometer/micrometer-observation/1.15.4/micrometer-observation-1.15.4.jar:/Users/sebastian.sigl/.m2/repository/io/micrometer/micrometer-commons/1.15.4/micrometer-commons-1.15.4.jar:/Users/sebastian.sigl/.m2/repository/org/springframework/spring-webmvc/6.2.11/spring-webmvc-6.2.11.jar:/Users/sebastian.sigl/.m2/repository/org/springframework/spring-aop/6.2.11/spring-aop-6.2.11.jar:/Users/sebastian.sigl/.m2/repository/org/springframework/spring-context/6.2.11/spring-context-6.2.11.jar:/Users/sebastian.sigl/.m2/repository/org/springframework/spring-expression/6.2.11/spring-expression-6.2.11.jar:/Users/sebastian.sigl/.m2/repository/org/springframework/modulith/spring-modulith-starter-core/1.4.1/spring-modulith-starter-core-1.4.1.jar:/Users/sebastian.sigl/.m2/repository/org/springframework/modulith/spring-modulith-api/1.4.1/spring-modulith-api-1.4.1.jar:/Users/sebastian.sigl/.m2/repository/org/springframework/modulith/spring-modulith-apt/1.4.1/spring-modulith-apt-1.4.1.jar:/Users/sebastian.sigl/.m2/repository/org/springframework/boot/spring-boot-configuration-processor/3.5.6/spring-boot-configuration-processor-3.5.6.jar:/Users/sebastian.sigl/.m2/repository/org/springframework/modulith/spring-modulith-core/1.4.1/spring-modulith-core-1.4.1.jar:/Users/sebastian.sigl/.m2/repository/com/tngtech/archunit/archunit/1.4.1/archunit-1.4.1.jar:/Users/sebastian.sigl/.m2/repository/org/springframework/modulith/spring-modulith-moments/1.4.1/spring-modulith-moments-1.4.1.jar:/Users/sebastian.sigl/.m2/repository/org/jmolecules/jmolecules-events/1.10.0/jmolecules-events-1.10.0.jar:/Users/sebastian.sigl/.m2/repository/org/projectlombok/lombok/1.18.40/lombok-1.18.40.jar:/Users/sebastian.sigl/.m2/repository/org/springframework/boot/spring-boot-starter-test/3.5.6/spring-boot-starter-test-3.5.6.jar:/Users/sebastian.sigl/.m2/repository/org/springframework/boot/spring-boot-test/3.5.6/spring-boot-test-3.5.6.jar:/Users/sebastian.sigl/.m2/repository/org/springframework/boot/spring-boot-test-autoconfigure/3.5.6/spring-boot-test-autoconfigure-3.5.6.jar:/Users/sebastian.sigl/.m2/repository/com/jayway/jsonpath/json-path/2.9.0/json-path-2.9.0.jar:/Users/sebastian.sigl/.m2/repository/org/slf4j/slf4j-api/2.0.17/slf4j-api-2.0.17.jar:/Users/sebastian.sigl/.m2/repository/jakarta/xml/bind/jakarta.xml.bind-api/4.0.2/jakarta.xml.bind-api-4.0.2.jar:/Users/sebastian.sigl/.m2/repository/jakarta/activation/jakarta.activation-api/2.1.4/jakarta.activation-api-2.1.4.jar:/Users/sebastian.sigl/.m2/repository/net/minidev/json-smart/2.5.2/json-smart-2.5.2.jar:/Users/sebastian.sigl/.m2/repository/net/minidev/accessors-smart/2.5.2/accessors-smart-2.5.2.jar:/Users/sebastian.sigl/.m2/repository/org/ow2/asm/asm/9.7.1/asm-9.7.1.jar:/Users/sebastian.sigl/.m2/repository/org/assertj/assertj-core/3.27.4/assertj-core-3.27.4.jar:/Users/sebastian.sigl/.m2/repository/net/bytebuddy/byte-buddy/1.17.7/byte-buddy-1.17.7.jar:/Users/sebastian.sigl/.m2/repository/org/awaitility/awaitility/4.2.2/awaitility-4.2.2.jar:/Users/sebastian.sigl/.m2/repository/org/hamcrest/hamcrest/3.0/hamcrest-3.0.jar:/Users/sebastian.sigl/.m2/repository/org/junit/jupiter/junit-jupiter/5.12.2/junit-jupiter-5.12.2.jar:/Users/sebastian.sigl/.m2/repository/org/junit/jupiter/junit-jupiter-api/5.12.2/junit-jupiter-api-5.12.2.jar:/Users/sebastian.sigl/.m2/repository/org/opentest4j/opentest4j/1.3.0/opentest4j-1.3.0.jar:/Users/sebastian.sigl/.m2/repository/org/junit/platform/junit-platform-commons/1.12.2/junit-platform-commons-1.12.2.jar:/Users/sebastian.sigl/.m2/repository/org/apiguardian/apiguardian-api/1.1.2/apiguardian-api-1.1.2.jar:/Users/sebastian.sigl/.m2/repository/org/junit/jupiter/junit-jupiter-params/5.12.2/junit-jupiter-params-5.12.2.jar:/Users/sebastian.sigl/.m2/repository/org/junit/jupiter/junit-jupiter-engine/5.12.2/junit-jupiter-engine-5.12.2.jar:/Users/sebastian.sigl/.m2/repository/org/junit/platform/junit-platform-engine/1.12.2/junit-platform-engine-1.12.2.jar:/Users/sebastian.sigl/.m2/repository/org/mockito/mockito-core/5.17.0/mockito-core-5.17.0.jar:/Users/sebastian.sigl/.m2/repository/net/bytebuddy/byte-buddy-agent/1.17.7/byte-buddy-agent-1.17.7.jar:/Users/sebastian.sigl/.m2/repository/org/objenesis/objenesis/3.3/objenesis-3.3.jar:/Users/sebastian.sigl/.m2/repository/org/mockito/mockito-junit-jupiter/5.17.0/mockito-junit-jupiter-5.17.0.jar:/Users/sebastian.sigl/.m2/repository/org/skyscreamer/jsonassert/1.5.3/jsonassert-1.5.3.jar:/Users/sebastian.sigl/.m2/repository/com/vaadin/external/google/android-json/0.0.20131108.vaadin1/android-json-0.0.20131108.vaadin1.jar:/Users/sebastian.sigl/.m2/repository/org/springframework/spring-core/6.2.11/spring-core-6.2.11.jar:/Users/sebastian.sigl/.m2/repository/org/springframework/spring-jcl/6.2.11/spring-jcl-6.2.11.jar:/Users/sebastian.sigl/.m2/repository/org/springframework/spring-test/6.2.11/spring-test-6.2.11.jar:/Users/sebastian.sigl/.m2/repository/org/xmlunit/xmlunit-core/2.10.4/xmlunit-core-2.10.4.jar:/Users/sebastian.sigl/.m2/repository/org/springframework/boot/spring-boot-testcontainers/3.5.6/spring-boot-testcontainers-3.5.6.jar:/Users/sebastian.sigl/.m2/repository/org/springframework/boot/spring-boot-autoconfigure/3.5.6/spring-boot-autoconfigure-3.5.6.jar:/Users/sebastian.sigl/.m2/repository/org/testcontainers/testcontainers/1.21.3/testcontainers-1.21.3.jar:/Users/sebastian.sigl/.m2/repository/junit/junit/4.13.2/junit-4.13.2.jar:/Users/sebastian.sigl/.m2/repository/org/hamcrest/hamcrest-core/3.0/hamcrest-core-3.0.jar:/Users/sebastian.sigl/.m2/repository/org/apache/commons/commons-compress/1.24.0/commons-compress-1.24.0.jar:/Users/sebastian.sigl/.m2/repository/org/rnorth/duct-tape/duct-tape/1.0.8/duct-tape-1.0.8.jar:/Users/sebastian.sigl/.m2/repository/org/jetbrains/annotations/17.0.0/annotations-17.0.0.jar:/Users/sebastian.sigl/.m2/repository/com/github/docker-java/docker-java-api/3.4.2/docker-java-api-3.4.2.jar:/Users/sebastian.sigl/.m2/repository/com/github/docker-java/docker-java-transport-zerodep/3.4.2/docker-java-transport-zerodep-3.4.2.jar:/Users/sebastian.sigl/.m2/repository/com/github/docker-java/docker-java-transport/3.4.2/docker-java-transport-3.4.2.jar:/Users/sebastian.sigl/.m2/repository/net/java/dev/jna/jna/5.13.0/jna-5.13.0.jar:/Users/sebastian.sigl/.m2/repository/org/springframework/modulith/spring-modulith-starter-test/1.4.1/spring-modulith-starter-test-1.4.1.jar:/Users/sebastian.sigl/.m2/repository/org/springframework/modulith/spring-modulith-test/1.4.1/spring-modulith-test-1.4.1.jar:/Users/sebastian.sigl/.m2/repository/org/springframework/spring-tx/6.2.11/spring-tx-6.2.11.jar:/Users/sebastian.sigl/.m2/repository/org/springframework/modulith/spring-modulith-docs/1.4.1/spring-modulith-docs-1.4.1.jar:/Users/sebastian.sigl/.m2/repository/com/structurizr/structurizr-core/3.1.0/structurizr-core-3.1.0.jar:/Users/sebastian.sigl/.m2/repository/com/google/code/findbugs/jsr305/3.0.2/jsr305-3.0.2.jar:/Users/sebastian.sigl/.m2/repository/com/structurizr/structurizr-export/3.1.0/structurizr-export-3.1.0.jar:/Users/sebastian.sigl/.m2/repository/org/testcontainers/junit-jupiter/1.21.3/junit-jupiter-1.21.3.jar:"/>
    <property name="sun.cpu.endian" value="little"/>
    <property name="user.home" value="/Users/sebastian.sigl"/>
    <property name="user.language" value="en"/>
    <property name="java.specification.vendor" value="Oracle Corporation"/>
    <property name="java.version.date" value="2025-04-15"/>
    <property name="java.home" value="/Users/sebastian.sigl/.sdkman/candidates/java/21.0.7-tem"/>
    <property name="file.separator" value="/"/>
    <property name="basedir" value="/Users/sebastian.sigl/Workspace/conference/jug-2025"/>
    <property name="java.vm.compressedOopsMode" value="Zero based"/>
    <property name="line.separator" value="&#10;"/>
    <property name="java.vm.specification.vendor" value="Oracle Corporation"/>
    <property name="java.specification.name" value="Java Platform API Specification"/>
    <property name="FILE_LOG_CHARSET" value="UTF-8"/>
    <property name="java.awt.headless" value="true"/>
    <property name="apple.awt.application.name" value="ForkedBooter"/>
    <property name="surefire.real.class.path" value="/Users/sebastian.sigl/Workspace/conference/jug-2025/target/surefire/surefirebooter-20250925085313411_3.jar"/>
    <property name="sun.management.compiler" value="HotSpot 64-Bit Tiered Compilers"/>
    <property name="java.runtime.version" value="21.0.7+6-LTS"/>
    <property name="user.name" value="sebastian.sigl"/>
    <property name="stdout.encoding" value="UTF-8"/>
    <property name="path.separator" value=":"/>
    <property name="os.version" value="15.6"/>
    <property name="java.runtime.name" value="OpenJDK Runtime Environment"/>
    <property name="file.encoding" value="UTF-8"/>
    <property name="java.vm.name" value="OpenJDK 64-Bit Server VM"/>
    <property name="java.vendor.version" value="Temurin-21.0.7+6"/>
    <property name="localRepository" value="/Users/sebastian.sigl/.m2/repository"/>
    <property name="java.vendor.url.bug" value="https://github.com/adoptium/adoptium-support/issues"/>
    <property name="java.io.tmpdir" value="/var/folders/tw/vf_fwyr11dl1sdsfpkz8376m0000gq/T/"/>
    <property name="java.version" value="21.0.7"/>
    <property name="user.dir" value="/Users/sebastian.sigl/Workspace/conference/jug-2025"/>
    <property name="os.arch" value="aarch64"/>
    <property name="java.vm.specification.name" value="Java Virtual Machine Specification"/>
    <property name="PID" value="80104"/>
    <property name="CONSOLE_LOG_CHARSET" value="UTF-8"/>
    <property name="native.encoding" value="UTF-8"/>
    <property name="java.library.path" value="/Users/sebastian.sigl/Library/Java/Extensions:/Library/Java/Extensions:/Network/Library/Java/Extensions:/System/Library/Java/Extensions:/usr/lib/java:."/>
    <property name="java.vm.info" value="mixed mode, sharing"/>
    <property name="stderr.encoding" value="UTF-8"/>
    <property name="java.vendor" value="Eclipse Adoptium"/>
    <property name="java.vm.version" value="21.0.7+6-LTS"/>
    <property name="sun.io.unicode.encoding" value="UnicodeBig"/>
    <property name="java.class.version" value="65.0"/>
    <property name="LOGGED_APPLICATION_NAME" value="[modulith] "/>
  </properties>
  <testcase name="contextLoads" classname="com.example.jug2025.modulith.ModulithApplicationTests" time="0.341">
    <system-out><![CDATA[08:53:13.708 [main] INFO org.springframework.test.context.support.AnnotationConfigContextLoaderUtils -- Could not detect default configuration classes for test class [com.example.jug2025.modulith.ModulithApplicationTests]: ModulithApplicationTests does not declare any static, non-private, non-final, nested classes annotated with @Configuration.
08:53:13.759 [main] INFO org.springframework.boot.test.context.SpringBootTestContextBootstrapper -- Found @SpringBootConfiguration com.example.jug2025.modulith.ModulithApplication for test class com.example.jug2025.modulith.ModulithApplicationTests

  .   ____          _            __ _ _
 /\\ / ___'_ __ _ _(_)_ __  __ _ \ \ \ \
( ( )\___ | '_ | '_| | '_ \/ _` | \ \ \ \
 \\/  ___)| |_)| | | | | || (_| |  ) ) ) )
  '  |____| .__|_| |_|_| |_\__, | / / / /
 =========|_|==============|___/=/_/_/_/

 :: Spring Boot ::                (v3.5.6)

2025-09-25T08:53:13.892+02:00  INFO 80104 --- [modulith] [           main] c.e.j.modulith.ModulithApplicationTests  : Starting ModulithApplicationTests using Java 21.0.7 with PID 80104 (started by sebastian.sigl in /Users/sebastian.sigl/Workspace/conference/jug-2025)
2025-09-25T08:53:13.893+02:00  INFO 80104 --- [modulith] [           main] c.e.j.modulith.ModulithApplicationTests  : No active profile set, falling back to 1 default profile: "default"
2025-09-25T08:53:14.234+02:00  INFO 80104 --- [modulith] [           main] o.s.s.config.TaskSchedulerRouter         : No TaskScheduler/ScheduledExecutorService bean found for scheduled processing
2025-09-25T08:53:14.236+02:00  INFO 80104 --- [modulith] [           main] c.e.j.modulith.ModulithApplicationTests  : Started ModulithApplicationTests in 0.438 seconds (process running for 0.771)
]]></system-out>
    <system-err><![CDATA[Mockito is currently self-attaching to enable the inline-mock-maker. This will no longer work in future releases of the JDK. Please add Mockito as an agent to your build as described in Mockito's documentation: https://javadoc.io/doc/org.mockito/mockito-core/latest/org.mockito/org/mockito/Mockito.html#0.3
WARNING: A Java agent has been loaded dynamically (/Users/sebastian.sigl/.m2/repository/net/bytebuddy/byte-buddy-agent/1.17.7/byte-buddy-agent-1.17.7.jar)
WARNING: If a serviceability tool is in use, please run with -XX:+EnableDynamicAgentLoading to hide this warning
WARNING: If a serviceability tool is not in use, please run with -Djdk.instrument.traceUsage for more information
WARNING: Dynamic loading of agents will be disallowed by default in a future release
]]></system-err>
  </testcase>
</testsuite>